11-09-2013 1.39.08 AM	This log contains information about the import schema operation into project 'Database1' on computer 'WIN-HF617AJ8KPI' by user 'Anand kumar'.
11-09-2013 1.39.08 AM	Import of database schema has started.
11-09-2013 1.39.26 AM	Gathering database options
11-09-2013 1.39.26 AM	Gathering users
11-09-2013 1.39.26 AM	Gathering roles
11-09-2013 1.39.26 AM	Gathering application roles
11-09-2013 1.39.26 AM	Gathering role memberships
11-09-2013 1.39.26 AM	Gathering filegroups
11-09-2013 1.39.26 AM	Gathering full-text catalogs
11-09-2013 1.39.26 AM	Gathering assemblies
11-09-2013 1.39.26 AM	Gathering certificates
11-09-2013 1.39.26 AM	Gathering asymmetric keys
11-09-2013 1.39.26 AM	Gathering symmetric keys
11-09-2013 1.39.26 AM	Gathering encrypted symmetric keys
11-09-2013 1.39.26 AM	Gathering schemas
11-09-2013 1.39.26 AM	Gathering XML schema collections
11-09-2013 1.39.26 AM	Gathering user-defined data types
11-09-2013 1.39.26 AM	Gathering user-defined types
11-09-2013 1.39.26 AM	Gathering table types
11-09-2013 1.39.26 AM	Gathering unique keys for table types
11-09-2013 1.39.26 AM	Gathering primary keys for table types
11-09-2013 1.39.26 AM	Gathering check constraints for table types
11-09-2013 1.39.26 AM	Gathering default constraints for table types
11-09-2013 1.39.26 AM	Gathering partition functions
11-09-2013 1.39.26 AM	Gathering partition schemes
11-09-2013 1.39.26 AM	Gathering functions
11-09-2013 1.39.26 AM	Gathering encrypted functions
11-09-2013 1.39.26 AM	Gathering aggregates
11-09-2013 1.39.26 AM	Gathering procedures
11-09-2013 1.39.26 AM	Gathering encrypted procedures
11-09-2013 1.39.26 AM	Gathering tables
11-09-2013 1.39.26 AM	Gathering primary keys
11-09-2013 1.39.26 AM	Gathering unique constraints
11-09-2013 1.39.26 AM	Gathering foreign keys
11-09-2013 1.39.26 AM	Gathering default constraints
11-09-2013 1.39.26 AM	Gathering check constraints
11-09-2013 1.39.26 AM	Gathering views
11-09-2013 1.39.26 AM	Gathering encrypted views
11-09-2013 1.39.26 AM	Gathering indexes
11-09-2013 1.39.26 AM	Gathering statistics
11-09-2013 1.39.26 AM	Gathering full-text index stoplists
11-09-2013 1.39.26 AM	Gathering search property lists
11-09-2013 1.39.26 AM	Gathering search properties
11-09-2013 1.39.26 AM	Gathering full-text indexes
11-09-2013 1.39.26 AM	Gathering column store indexes
11-09-2013 1.39.26 AM	Gathering spatial indexes
11-09-2013 1.39.26 AM	Gathering XML indexes
11-09-2013 1.39.26 AM	Gathering Selective XML indexes
11-09-2013 1.39.26 AM	Gathering encrypted triggers
11-09-2013 1.39.26 AM	Gathering triggers
11-09-2013 1.39.26 AM	Gathering encrypted and clr ddl triggers
11-09-2013 1.39.26 AM	Gathering ddl triggers
11-09-2013 1.39.26 AM	Gathering synonyms
11-09-2013 1.39.26 AM	Gathering defaults
11-09-2013 1.39.26 AM	Gathering data constraint uddt bindings
11-09-2013 1.39.26 AM	Gathering rules
11-09-2013 1.39.26 AM	Gathering data constraint uddt bindings
11-09-2013 1.39.26 AM	Gathering message types
11-09-2013 1.39.26 AM	Gathering queues
11-09-2013 1.39.26 AM	Gathering contracts
11-09-2013 1.39.26 AM	Gathering services
11-09-2013 1.39.26 AM	Gathering event notifications
11-09-2013 1.39.26 AM	Gathering remote service bindings
11-09-2013 1.39.26 AM	Gathering broker priorities
11-09-2013 1.39.26 AM	Gathering signatures
11-09-2013 1.39.26 AM	Gathering data compression options
11-09-2013 1.39.26 AM	Gathering sequence types
11-09-2013 1.39.26 AM	Gathering database permissions
11-09-2013 1.39.26 AM	Gathering extended properties
11-09-2013 1.39.26 AM	Gathering credentials
11-09-2013 1.39.26 AM	Gathering logins
11-09-2013 1.39.26 AM	Gathering server audits
11-09-2013 1.39.28 AM	Scanning project for duplicate elements
11-09-2013 1.39.28 AM	Finished duplicate element processing
11-09-2013 1.39.28 AM	Finished importing database.
11-09-2013 1.39.28 AM	A summary of the import was saved to the following location: C:\Users\Anand kumar\Documents\Visual Studio 2012\Projects\Database1\Import Schema Logs\Database1_20130910080908.log
11-09-2013 1.39.28 AM	Click Finish to continue...
